{ driver: true,
  name: 'MongoError',
  index: 0,
  code: 11000,
  keyPattern: { username: 1 },
  keyValue: { username: 'Dragon' },
  errmsg:
   'E11000 duplicate key error collection: reddit-clone.users index: username_1 dup key: { username: "Dragon" }',
  level: '\u001b[31merror\u001b[39m',
  service: 'user-service',
  timestamp: '2020-02-16T16:04:10.179Z',
  [Symbol(mongoErrorContextSymbol)]: {} }
{ driver: true,
  name: 'MongoError',
  index: 0,
  code: 11000,
  keyPattern: { username: 1 },
  keyValue: { username: 'Dragon' },
  errmsg:
   'E11000 duplicate key error collection: reddit-clone.users index: username_1 dup key: { username: "Dragon" }',
  level: '\u001b[31merror\u001b[39m',
  service: 'user-service',
  timestamp: '2020-02-16T16:05:02.111Z',
  [Symbol(mongoErrorContextSymbol)]: {} }
{ driver: true,
  name: 'MongoError',
  index: 0,
  code: 11000,
  keyPattern: { username: 1 },
  keyValue: { username: 'Dragon' },
  errmsg:
   'E11000 duplicate key error collection: reddit-clone.users index: username_1 dup key: { username: "Dragon" }',
  level: '\u001b[31merror\u001b[39m',
  service: 'user-service',
  timestamp: '2020-02-16T16:07:32.684Z',
  [Symbol(mongoErrorContextSymbol)]: {} }
{ level: '\u001b[31merror\u001b[39m',
  service: 'user-service',
  timestamp: '2020-02-16T16:11:39.783Z' }
{ level: '\u001b[31merror\u001b[39m',
  service: 'user-service',
  timestamp: '2020-02-16T16:11:56.583Z' }
{ level: '\u001b[31merror\u001b[39m',
  service: 'user-service',
  timestamp: '2020-02-16T16:12:05.234Z' }
{ level: '\u001b[31merror\u001b[39m',
  service: 'user-service',
  timestamp: '2020-02-16T16:12:49.236Z' }
{ message:
   'Parameter "filter" to findOne() must be an object, got Hello',
  name: 'ObjectParameterError',
  level: '\u001b[31merror\u001b[39m',
  service: 'user-service',
  timestamp: '2020-02-17T17:02:27.369Z' }
{ level: '\u001b[31merror\u001b[39m',
  service: 'user-service',
  timestamp: '2020-02-24T07:44:17.550Z' }
{ level: '\u001b[31merror\u001b[39m',
  service: 'user-service',
  timestamp: '2020-02-24T07:45:06.177Z' }
{ level: '\u001b[31merror\u001b[39m',
  service: 'user-service',
  timestamp: '2020-02-24T07:45:29.767Z' }
{ level: '\u001b[31merror\u001b[39m',
  service: 'user-service',
  timestamp: '2020-02-24T07:46:00.847Z' }
{ level: '\u001b[31merror\u001b[39m',
  service: 'user-service',
  timestamp: '2020-02-24T07:46:03.691Z' }
{ level: '\u001b[31merror\u001b[39m',
  service: 'user-service',
  timestamp: '2020-02-24T07:46:36.460Z' }
{ level: '\u001b[31merror\u001b[39m',
  service: 'user-service',
  timestamp: '2020-02-24T07:46:52.308Z' }
{ level: '\u001b[31merror\u001b[39m',
  service: 'user-service',
  timestamp: '2020-02-24T07:47:36.085Z' }
{ level: '\u001b[31merror\u001b[39m',
  service: 'user-service',
  timestamp: '2020-02-24T07:49:04.617Z' }
{ level: '\u001b[31merror\u001b[39m',
  service: 'user-service',
  timestamp: '2020-02-24T08:34:48.628Z' }
{ level: '\u001b[31merror\u001b[39m',
  service: 'user-service',
  timestamp: '2020-02-24T08:38:23.893Z' }
{ level: '\u001b[31merror\u001b[39m',
  service: 'user-service',
  timestamp: '2020-02-24T08:38:27.986Z' }
{ level: '\u001b[31merror\u001b[39m',
  service: 'user-service',
  timestamp: '2020-02-24T08:38:56.108Z' }
{ level: '\u001b[31merror\u001b[39m',
  service: 'user-service',
  timestamp: '2020-02-24T08:39:12.938Z' }
{ level: '\u001b[31merror\u001b[39m',
  service: 'user-service',
  timestamp: '2020-02-24T08:39:55.518Z' }
{ level: '\u001b[31merror\u001b[39m',
  service: 'user-service',
  timestamp: '2020-02-24T08:40:15.711Z' }
{ level: '\u001b[31merror\u001b[39m',
  service: 'user-service',
  timestamp: '2020-02-24T08:40:16.976Z' }
{ level: '\u001b[31merror\u001b[39m',
  service: 'user-service',
  timestamp: '2020-02-24T08:40:22.233Z' }
{ level: '\u001b[31merror\u001b[39m',
  service: 'user-service',
  timestamp: '2020-02-24T08:41:42.923Z' }
{ level: '\u001b[31merror\u001b[39m',
  service: 'user-service',
  timestamp: '2020-02-24T08:42:11.089Z' }
{ level: '\u001b[31merror\u001b[39m',
  service: 'user-service',
  timestamp: '2020-02-24T08:42:19.049Z' }
{ level: '\u001b[31merror\u001b[39m',
  service: 'user-service',
  timestamp: '2020-02-24T08:43:11.111Z' }
{ level: '\u001b[31merror\u001b[39m',
  service: 'user-service',
  timestamp: '2020-02-24T08:46:38.331Z' }
{ level: '\u001b[31merror\u001b[39m',
  service: 'user-service',
  timestamp: '2020-02-24T08:48:06.589Z' }
{ level: '\u001b[31merror\u001b[39m',
  service: 'user-service',
  timestamp: '2020-02-24T08:48:52.607Z' }
{ driver: true,
  name: 'MongoError',
  index: 0,
  code: 11000,
  keyPattern: { username: 1 },
  keyValue: { username: 'thien123' },
  errmsg:
   'E11000 duplicate key error collection: reddit-clone.users index: username_1 dup key: { username: "thien123" }',
  level: '\u001b[31merror\u001b[39m',
  service: 'user-service',
  timestamp: '2020-02-24T09:09:54.661Z',
  [Symbol(mongoErrorContextSymbol)]: {} }
{ driver: true,
  name: 'MongoError',
  index: 0,
  code: 11000,
  keyPattern: { username: 1 },
  keyValue: { username: 'thien23' },
  errmsg:
   'E11000 duplicate key error collection: reddit-clone.users index: username_1 dup key: { username: "thien23" }',
  level: '\u001b[31merror\u001b[39m',
  service: 'user-service',
  timestamp: '2020-02-24T09:14:13.094Z',
  [Symbol(mongoErrorContextSymbol)]: {} }
{ level: '\u001b[31merror\u001b[39m',
  message: 'User not found',
  timestamp: '2020-02-24T10:34:16.741Z' }
{ level: '\u001b[31merror\u001b[39m',
  message: 'User not found',
  timestamp: '2020-02-24T10:34:27.538Z' }
{ level: '\u001b[31merror\u001b[39m',
  message: 'User not found',
  timestamp: '2020-02-24T10:34:44.669Z' }
{ level: '\u001b[31merror\u001b[39m',
  message: undefined,
  timestamp: '2020-02-24T10:34:52.461Z' }
{ level: '\u001b[31merror\u001b[39m',
  message: 'User not found',
  timestamp: '2020-02-24T10:35:23.507Z' }
{ driver: true,
  name: 'MongoError',
  index: 0,
  code: 11000,
  keyPattern: { username: 1 },
  keyValue: { username: 'thien23' },
  errmsg:
   'E11000 duplicate key error collection: reddit-clone.users index: username_1 dup key: { username: "thien23" }',
  level: '\u001b[31merror\u001b[39m',
  service: 'user-service',
  timestamp: '2020-02-24T14:46:13.070Z',
  [Symbol(mongoErrorContextSymbol)]: {} }
{ driver: true,
  name: 'MongoError',
  index: 0,
  code: 11000,
  keyPattern: { username: 1 },
  keyValue: { username: 'thien23' },
  errmsg:
   'E11000 duplicate key error collection: reddit-clone.users index: username_1 dup key: { username: "thien23" }',
  level: '\u001b[31merror\u001b[39m',
  service: 'user-service',
  timestamp: '2020-02-24T14:56:03.720Z',
  [Symbol(mongoErrorContextSymbol)]: {} }
{ driver: true,
  name: 'MongoError',
  index: 0,
  code: 11000,
  keyPattern: { username: 1 },
  keyValue: { username: 'thien23' },
  errmsg:
   'E11000 duplicate key error collection: reddit-clone.users index: username_1 dup key: { username: "thien23" }',
  level: '\u001b[31merror\u001b[39m',
  service: 'user-service',
  timestamp: '2020-02-24T14:56:49.770Z',
  [Symbol(mongoErrorContextSymbol)]: {} }
{ driver: true,
  name: 'MongoError',
  index: 0,
  code: 11000,
  keyPattern: { username: 1 },
  keyValue: { username: 'thien23' },
  errmsg:
   'E11000 duplicate key error collection: reddit-clone.users index: username_1 dup key: { username: "thien23" }',
  level: '\u001b[31merror\u001b[39m',
  service: 'user-service',
  timestamp: '2020-02-24T14:57:09.880Z',
  [Symbol(mongoErrorContextSymbol)]: {} }
{ driver: true,
  name: 'MongoError',
  index: 0,
  code: 11000,
  keyPattern: { username: 1 },
  keyValue: { username: 'thien23' },
  errmsg:
   'E11000 duplicate key error collection: reddit-clone.users index: username_1 dup key: { username: "thien23" }',
  level: '\u001b[31merror\u001b[39m',
  service: 'user-service',
  timestamp: '2020-02-24T15:01:25.743Z',
  [Symbol(mongoErrorContextSymbol)]: {} }
{ level: '\u001b[31merror\u001b[39m',
  service: 'user-service',
  timestamp: '2020-06-07T11:02:39.870Z' }
{ level: '\u001b[31merror\u001b[39m',
  service: 'user-service',
  timestamp: '2020-06-07T11:02:58.422Z' }
{ level: '\u001b[31merror\u001b[39m',
  service: 'user-service',
  timestamp: '2020-06-07T11:03:23.791Z' }
{ level: '\u001b[31merror\u001b[39m',
  service: 'user-service',
  timestamp: '2020-06-07T11:03:41.149Z' }
{ level: '\u001b[31merror\u001b[39m',
  service: 'user-service',
  timestamp: '2020-06-07T13:18:31.325Z' }
{ level: '\u001b[31merror\u001b[39m',
  service: 'user-service',
  timestamp: '2020-06-07T13:18:40.008Z' }
{ level: '\u001b[31merror\u001b[39m',
  service: 'user-service',
  timestamp: '2020-06-07T13:18:43.945Z' }
{ level: '\u001b[31merror\u001b[39m',
  service: 'user-service',
  timestamp: '2020-06-07T13:20:06.997Z' }
{ level: '\u001b[31merror\u001b[39m',
  service: 'user-service',
  timestamp: '2020-06-07T13:34:23.322Z' }
{ level: '\u001b[31merror\u001b[39m',
  service: 'user-service',
  timestamp: '2020-06-07T13:34:45.422Z' }
{ level: '\u001b[31merror\u001b[39m',
  service: 'user-service',
  timestamp: '2020-06-07T13:36:26.161Z' }
{ level: '\u001b[31merror\u001b[39m',
  service: 'user-service',
  timestamp: '2020-06-07T13:37:38.896Z' }
{ level: '\u001b[31merror\u001b[39m',
  service: 'user-service',
  timestamp: '2020-06-07T13:37:41.957Z' }
{ level: '\u001b[31merror\u001b[39m',
  service: 'user-service',
  timestamp: '2020-06-07T13:40:26.586Z' }
{ level: '\u001b[31merror\u001b[39m',
  service: 'user-service',
  timestamp: '2020-06-07T13:40:35.119Z' }
{ level: '\u001b[31merror\u001b[39m',
  service: 'user-service',
  timestamp: '2020-06-07T13:40:58.439Z' }
{ level: '\u001b[31merror\u001b[39m',
  service: 'user-service',
  timestamp: '2020-06-07T13:41:08.941Z' }
{ level: '\u001b[31merror\u001b[39m',
  service: 'user-service',
  timestamp: '2020-06-07T13:41:30.895Z' }
{ level: '\u001b[31merror\u001b[39m',
  service: 'user-service',
  timestamp: '2020-06-07T13:41:39.531Z' }
{ level: '\u001b[31merror\u001b[39m',
  service: 'user-service',
  timestamp: '2020-06-07T13:42:13.389Z' }
{ level: '\u001b[31merror\u001b[39m',
  service: 'user-service',
  timestamp: '2020-06-07T13:42:24.912Z' }
{ level: '\u001b[31merror\u001b[39m',
  service: 'user-service',
  timestamp: '2020-06-07T13:43:45.089Z' }
{ level: '\u001b[31merror\u001b[39m',
  service: 'user-service',
  timestamp: '2020-06-07T13:43:52.894Z' }
{ level: '\u001b[31merror\u001b[39m',
  service: 'user-service',
  timestamp: '2020-06-07T13:44:00.585Z' }
{ level: '\u001b[31merror\u001b[39m',
  service: 'user-service',
  timestamp: '2020-06-07T13:45:11.139Z' }
{ level: '\u001b[31merror\u001b[39m',
  service: 'user-service',
  timestamp: '2020-06-07T13:45:36.923Z' }
{ level: '\u001b[31merror\u001b[39m',
  service: 'user-service',
  timestamp: '2020-06-07T13:45:47.234Z' }
{ level: '\u001b[31merror\u001b[39m',
  service: 'user-service',
  timestamp: '2020-06-07T13:45:55.110Z' }
{ level: '\u001b[31merror\u001b[39m',
  service: 'user-service',
  timestamp: '2020-06-07T13:46:04.495Z' }
{ level: '\u001b[31merror\u001b[39m',
  service: 'user-service',
  timestamp: '2020-06-07T13:46:10.008Z' }
{ level: '\u001b[31merror\u001b[39m',
  service: 'user-service',
  timestamp: '2020-06-07T13:46:54.877Z' }
{ level: '\u001b[31merror\u001b[39m',
  service: 'user-service',
  timestamp: '2020-06-07T13:47:23.691Z' }
{ level: '\u001b[31merror\u001b[39m',
  service: 'user-service',
  timestamp: '2020-06-07T13:50:32.976Z' }
{ level: '\u001b[31merror\u001b[39m',
  service: 'user-service',
  timestamp: '2020-06-07T13:50:48.931Z' }
{ level: '\u001b[31merror\u001b[39m',
  service: 'user-service',
  timestamp: '2020-06-07T13:50:56.744Z' }
{ level: '\u001b[31merror\u001b[39m',
  service: 'user-service',
  timestamp: '2020-06-07T13:51:03.494Z' }
{ level: '\u001b[31merror\u001b[39m',
  service: 'user-service',
  timestamp: '2020-06-07T13:51:06.092Z' }
{ level: '\u001b[31merror\u001b[39m',
  service: 'user-service',
  timestamp: '2020-06-07T13:51:13.403Z' }
{ level: '\u001b[31merror\u001b[39m',
  service: 'user-service',
  timestamp: '2020-06-07T13:52:12.913Z' }
{ level: '\u001b[31merror\u001b[39m',
  service: 'user-service',
  timestamp: '2020-06-07T13:52:20.963Z' }
